Arguments: 
  C:\Program Files\nodejs\node.exe C:\Users\PREASEWITTER\AppData\Roaming\npm\node_modules\yarn\bin\yarn.js add react-icons

PATH: 
  C:\Program Files\Microsoft\jdk-17.0.11.9-hotspot\bin;C:\Program Files\Python310\Scripts\;C:\Program Files\Python310\;C:\Program Files\Common Files\Oracle\Java\javapath;C:\WINDOWS\system32;C:\WINDOWS;C:\WINDOWS\System32\Wbem;C:\WINDOWS\System32\WindowsPowerShell\v1.0\;C:\WINDOWS\System32\OpenSSH\;C:\Program Files\dotnet\;C:\Program Files\Azure Data Studio\bin;C:\Program Files (x86)\dotnet\;C:\Users\PREASEWITTER\AppData\Local\Programs\Python\Python310;C:\WINDOWS\system32;C:\WINDOWS;C:\WINDOWS\System32\Wbem;C:\WINDOWS\System32\WindowsPowerShell\v1.0\;C:\WINDOWS\System32\OpenSSH\;D:\xaamp\php;C:\Program Files\HP\HP One Agent;C:\Program Files (x86)\SQL Anywhere 11\bin64;C:\Program Files (x86)\SQL Anywhere 11\bin32;C:\WINDOWS\Microsoft.NET\Framework\v3.5;C:\WINDOWS\Microsoft.NET\Framework\v2.0.50727;C:\WINDOWS\Microsoft.NET\Framework\v3.5;C:\WINDOWS\Microsoft.NET\Framework\v2.0.50727;C:\Program Files (x86)\Sybase\Shared\PowerBuilder;C:\Program Files (x86)\Sybase\PowerBuilder 12.0;C:\Program Files (x86)\Microsoft SQL Server\150\Tools\Binn\;C:\Program Files\Microsoft SQL Server\150\Tools\Binn\;C:\Program Files (x86)\Microsoft SQL Server\150\DTS\Binn\;C:\Program Files\Microsoft SQL Server\150\DTS\Binn\;C:\Program Files\Microsoft SQL Server\Client SDK\ODBC\170\Tools\Binn\;C:\Program Files (x86)\Microsoft SQL Server\160\DTS\Binn\;C:\ProgramData\chocolatey\bin;C:\Program Files\Java\jdk-17\bin;C:\Program Files\nodejs\;C:\Users\PREASEWITTER\AppData\Local\Android\Sdk\platforms;C:\Users\PREASEWITTER\AppData\Local\Android\Sdk\platform-tools;C:\Users\PREASEWITTER\AppData\Local\Programs\Microsoft VS Code\_\bin;C:\Program Files (x86)\Microsoft SQL Server\Client SDK\ODBC\110\Tools\Binn\;C:\Program Files (x86)\Microsoft SQL Server\120\Tools\Binn\;C:\Program Files (x86)\Microsoft SQL Server\120\DTS\Binn\;C:\Program Files (x86)\Microsoft SQL Server\120\Tools\Binn\ManagementStudio\;C:\Program Files\Git\cmd;D:\MongoDB\Shell\mongosh-2.1.5-win32-x64\bin;C:\Users\PREASEWITTER\AppData\Local\Programs\Microsoft VS Code\bin;C:\Users\PREASEWITTER\.dotnet\tools;C:\Program Files\Azure Data Studio\bin;C:\Users\PREASEWITTER\AppData\Local\Programs\Python\Python310;C:\Users\PREASEWITTER\AppData\Local\Programs\Python\Python310\Scripts;D:\MongoDB\bin;C:\Program Files\Java\jdk-17\bin;C:\Users\PREASEWITTER\AppData\Roaming\npm;C:\Users\PREASEWITTER\AppData\Local\Programs\Microsoft VS Code\_\bin

Yarn version: 
  1.22.19

Node version: 
  20.12.2

Platform: 
  win32 x64

Trace: 
  Error: EPERM: operation not permitted, unlink 'C:\Users\PREASEWITTER\vite-project\node_modules\@esbuild\win32-x64\esbuild.exe'

npm manifest: 
  {
    "name": "vite-project",
    "private": true,
    "version": "0.0.0",
    "type": "module",
    "scripts": {
      "dev": "vite",
      "build": "vite build",
      "lint": "eslint .",
      "preview": "vite preview"
    },
    "dependencies": {
      "react": "^18.3.1",
      "react-dom": "^18.3.1",
      "react-icons": "^5.3.0"
    },
    "devDependencies": {
      "@eslint/js": "^9.13.0",
      "@types/react": "^18.3.12",
      "@types/react-dom": "^18.3.1",
      "@vitejs/plugin-react": "^4.3.3",
      "autoprefixer": "^10.4.20",
      "eslint": "^9.13.0",
      "eslint-plugin-react": "^7.37.2",
      "eslint-plugin-react-hooks": "^5.0.0",
      "eslint-plugin-react-refresh": "^0.4.14",
      "globals": "^15.11.0",
      "postcss": "^8.4.47",
      "tailwindcss": "^3.4.14",
      "vite": "^5.4.10"
    }
  }

yarn manifest: 
  No manifest

Lockfile: 
  No lockfile
